<?xml version="1.0" encoding="utf-8"?><testsuites name="pytest tests"><testsuite name="pytest" errors="0" failures="0" skipped="0" tests="29" time="2.249" timestamp="2026-06-29T20:09:19.537810+00:00" hostname="agent-env-17325649-f15b-4b99-a8e4-3c3663e4b957"><testcase classname="tests.backend_test.TestHealth" name="test_root" time="0.164" /><testcase classname="tests.backend_test.TestHealth" name="test_dashboard" time="0.052" /><testcase classname="tests.backend_test.TestHealth" name="test_categories" time="0.050" /><testcase classname="tests.backend_test.TestHealth" name="test_compute_category_alevin" time="0.050" /><testcase classname="tests.backend_test.TestTeams" name="test_create_team" time="0.051" /><testcase classname="tests.backend_test.TestTeams" name="test_list_teams" time="0.054" /><testcase classname="tests.backend_test.TestTeams" name="test_update_team" time="0.050" /><testcase classname="tests.backend_test.TestFamilies" name="test_create_family" time="0.054" /><testcase classname="tests.backend_test.TestFamilies" name="test_list_families_num_hijos" time="0.051" /><testcase classname="tests.backend_test.TestPlayers" name="test_create_player_with_team_and_category" time="0.054" /><testcase classname="tests.backend_test.TestPlayers" name="test_get_player_persisted" time="0.061" /><testcase classname="tests.backend_test.TestPlayers" name="test_family_num_hijos_increments" time="0.060" /><testcase classname="tests.backend_test.TestPlayers" name="test_search_players" time="0.045" /><testcase classname="tests.backend_test.TestPlayers" name="test_filter_players_by_team" time="0.049" /><testcase classname="tests.backend_test.TestPlayers" name="test_update_player" time="0.096" /><testcase classname="tests.backend_test.TestMatches" name="test_create_match" time="0.049" /><testcase classname="tests.backend_test.TestMatches" name="test_list_matches_has_team_name" time="0.087" /><testcase classname="tests.backend_test.TestMatches" name="test_update_match_result" time="0.069" /><testcase classname="tests.backend_test.TestCallups" name="test_create_callup" time="0.052" /><testcase classname="tests.backend_test.TestCallups" name="test_get_callup_enriched" time="0.056" /><testcase classname="tests.backend_test.TestCallups" name="test_list_callups_counts" time="0.049" /><testcase classname="tests.backend_test.TestPayments" name="test_create_payment_auto_final" time="0.049" /><testcase classname="tests.backend_test.TestPayments" name="test_list_payments_has_player_name" time="0.050" /><testcase classname="tests.backend_test.TestPayments" name="test_update_payment" time="0.055" /><testcase classname="tests.backend_test.TestAuthorizations" name="test_create_auth" time="0.062" /><testcase classname="tests.backend_test.TestAuthorizations" name="test_list_auths" time="0.052" /><testcase classname="tests.backend_test.TestSettings" name="test_get_settings" time="0.062" /><testcase classname="tests.backend_test.TestSettings" name="test_update_settings" time="0.086" /><testcase classname="tests.backend_test.TestZCleanup" name="test_delete_all" time="0.461" /></testsuite></testsuites>